<?xml version="1.0" encoding="UTF-8"?>
<!-- Generated by org.testng.reporters.JUnitReportReporter -->
<testsuite hostname="IN-DL-34KRIV" failures="0" tests="1" name="runner.Runner" time="10.623" errors="0" timestamp="2025-05-09T18:32:16 IST" skipped="0">
  <testcase classname="runner.Runner" name="runScenario" time="10.623"/>
</testsuite> <!-- runner.Runner -->
