<?xml version="1.0" encoding="UTF-8"?>
<!-- Generated by org.testng.reporters.JUnitReportReporter -->
<testsuite hostname="IN-DL-34KRIV" failures="0" tests="1" name="tests.ThreeTest" time="6.915" errors="0" timestamp="2025-05-09T18:19:01 IST" skipped="0">
  <testcase classname="tests.ThreeTest" name="testThree" time="6.915"/>
</testsuite> <!-- tests.ThreeTest -->
