<?xml version="1.0" encoding="UTF-8"?>
<!-- Generated by org.testng.reporters.JUnitReportReporter -->
<testsuite hostname="IN-DL-34KRIV" failures="0" tests="1" name="tests.ThreeTest" time="0.000" errors="0" timestamp="2025-05-07T15:23:05 IST" skipped="0">
  <testcase classname="tests.ThreeTest" name="testThree" time="0.000"/>
</testsuite> <!-- tests.ThreeTest -->
