<?xml version="1.0" encoding="UTF-8"?>
<!-- Generated by org.testng.reporters.JUnitReportReporter -->
<testsuite hostname="IN-DL-34KRIV" failures="0" tests="2" name="tests.LoginTest" time="31.908" errors="0" timestamp="2025-05-07T15:23:05 IST" skipped="0">
  <testcase classname="tests.LoginTest" name="Login" time="19.714"/>
  <testcase classname="tests.LoginTest" name="Login" time="12.194"/>
</testsuite> <!-- tests.LoginTest -->
